2025-11-20 20:31:08,701 - INFO - Starting email automation run.
2025-11-20 20:31:10,779 - INFO - Processing for date: 2025-11-20
2025-11-20 20:31:10,788 - INFO - Skipping rajan@finlytyx.com - Date passed
2025-11-20 20:31:11,030 - INFO - Sent email to: gokuldas@finlytyx.com (Sent at 2025-11-20 20:31:11)
2025-11-20 20:31:13,035 - INFO - Skipping gokuldaskannadas@gmail.com - Future date
2025-11-20 20:31:13,076 - INFO - Run completed. Total emails sent: 1
2025-11-20 20:33:06,639 - INFO - Starting email automation run.
2025-11-20 20:33:07,964 - INFO - Processing for date: 2025-11-20
2025-11-20 20:33:07,964 - INFO - Skipping rajan@finlytyx.com - Date passed
2025-11-20 20:33:07,969 - INFO - Skipping gokuldas@finlytyx.com - Already Sent at 2025-11-20 20:31:11
2025-11-20 20:33:07,969 - INFO - Skipping gokuldaskannadas@gmail.com - Future date
2025-11-20 20:33:08,055 - INFO - Run completed. Total emails sent: 0
2025-11-20 20:37:14,568 - INFO - Starting email automation run.
2025-11-20 20:37:15,718 - INFO - Processing for date: 2025-11-20
2025-11-20 20:37:15,721 - INFO - Skipping rajan@finlytyx.com - Date passed
2025-11-20 20:37:15,721 - INFO - Skipping gokuldas@finlytyx.com - Already Sent at 2025-11-20 20:31:11
2025-11-20 20:37:15,722 - INFO - Skipping gokuldaskannadas@gmail.com - Future date
2025-11-20 20:37:15,795 - INFO - Run completed. Total emails sent: 0
2025-11-20 21:18:42,995 - INFO - Starting email automation run.
2025-11-20 21:18:46,154 - INFO - Processing for date: 2025-11-20
2025-11-20 21:18:46,155 - INFO - Skipping rajan@finlytyx.com - Date passed
2025-11-20 21:18:46,155 - INFO - Skipping gokuldas@finlytyx.com - Already Sent at 2025-11-20 20:31:11
2025-11-20 21:18:46,159 - INFO - Skipping gokuldaskannadas@gmail.com - Future date
2025-11-20 21:18:46,232 - INFO - Run completed. Total emails sent: 0
2025-11-21 09:18:13,956 - INFO - Starting email automation run.
2025-11-21 09:18:15,501 - INFO - Processing for date: 2025-11-21
2025-11-21 09:18:15,508 - INFO - Skipping rajan@finlytyx.com - Date passed
2025-11-21 09:18:15,508 - INFO - Skipping gokuldas@finlytyx.com - Already Sent at 2025-11-20 20:31:11
2025-11-21 09:18:16,053 - INFO - Sent email to: gokuldaskannadas@gmail.com (Sent at 2025-11-21 09:18:16)
2025-11-21 09:18:18,104 - INFO - Run completed. Total emails sent: 1
2025-12-09 09:30:59,933 - INFO - Starting email automation run.
2025-12-09 09:31:01,810 - INFO - Processing for date: 2025-12-09
2025-12-09 09:31:01,819 - INFO - Skipping rajan@finlytyx.com - Future date
2025-12-09 09:31:01,819 - INFO - Skipping gokuldas@finlytyx.com - Future date
2025-12-09 09:31:01,918 - INFO - Run completed. Total emails sent: 0
2025-12-09 09:31:46,813 - INFO - Starting email automation run.
2025-12-09 09:31:48,112 - INFO - Processing for date: 2025-12-09
2025-12-09 09:31:48,300 - INFO - Sent email to: rajan@finlytyx.com (Sent at 2025-12-09 09:31:48)
2025-12-09 09:31:50,345 - INFO - Sent email to: gokuldas@finlytyx.com (Sent at 2025-12-09 09:31:50)
2025-12-09 09:31:52,399 - INFO - Run completed. Total emails sent: 2
2025-12-09 09:36:31,146 - INFO - Starting email automation run.
2025-12-09 09:36:32,716 - INFO - Processing for date: 2025-12-09
2025-12-09 09:36:32,986 - INFO - Sent email to: rajan@finlytyx.com (Sent at 2025-12-09 09:36:32)
2025-12-09 09:36:35,058 - INFO - Sent email to: gokuldas@finlytyx.com (Sent at 2025-12-09 09:36:35)
2025-12-09 09:36:37,120 - INFO - Run completed. Total emails sent: 2
2025-12-09 10:10:08,795 - INFO - Starting email automation run.
2025-12-09 10:10:11,008 - INFO - Processing for date: 2025-12-09
2025-12-09 10:10:11,744 - INFO - Sent email to: rajan@finlytyx.com (Sent at 2025-12-09 10:10:11)
2025-12-09 10:10:13,818 - INFO - Sent email to: gokuldas@finlytyx.com (Sent at 2025-12-09 10:10:13)
2025-12-09 10:10:15,880 - INFO - Run completed. Total emails sent: 2
2025-12-09 15:35:06,462 - INFO - Starting email automation run.
2025-12-09 15:35:08,957 - INFO - Processing for date: 2025-12-09
2025-12-09 15:35:08,965 - INFO - Skipping rajan@finlytyx.com - Already Sent at 2025-12-09 10:10:11
2025-12-09 15:35:08,965 - INFO - Skipping gokuldas@finlytyx.com - Already Sent at 2025-12-09 10:10:13
2025-12-09 15:35:09,045 - INFO - Run completed. Total emails sent: 0
2025-12-09 15:35:26,636 - INFO - Starting email automation run.
2025-12-09 15:35:27,420 - INFO - Processing for date: 2025-12-09
2025-12-09 15:35:27,434 - ERROR - Failed to send to rajan@finlytyx.com: (-2147352567, 'Exception occurred.', (4096, 'Microsoft Outlook', "We can't open 'C:\\Users\\gokul\\Coding\\Emailing Automation\\We help companies better leverage digi...'. It's possible the file is already open, or you don't have permission to open it.\n\nTo check your permissions, right-click the file folder, then click Properties.", None, 0, -2147286960), None)
2025-12-09 15:35:27,440 - ERROR - Failed to send to gokuldas@finlytyx.com: (-2147352567, 'Exception occurred.', (4096, 'Microsoft Outlook', "We can't open 'C:\\Users\\gokul\\Coding\\Emailing Automation\\We help companies better leverage digi...'. It's possible the file is already open, or you don't have permission to open it.\n\nTo check your permissions, right-click the file folder, then click Properties.", None, 0, -2147286960), None)
2025-12-09 15:35:27,487 - INFO - Run completed. Total emails sent: 0
2025-12-09 15:35:44,329 - INFO - Starting email automation run.
2025-12-09 15:35:45,136 - INFO - Processing for date: 2025-12-09
2025-12-09 15:35:45,141 - ERROR - Failed to send to rajan@finlytyx.com: (-2147352567, 'Exception occurred.', (4096, 'Microsoft Outlook', "We can't open 'C:\\Users\\gokul\\Coding\\Emailing Automation\\We help companies better leverage digi...'. It's possible the file is already open, or you don't have permission to open it.\n\nTo check your permissions, right-click the file folder, then click Properties.", None, 0, -2147286960), None)
2025-12-09 15:35:45,142 - ERROR - Failed to send to gokuldas@finlytyx.com: (-2147352567, 'Exception occurred.', (4096, 'Microsoft Outlook', "We can't open 'C:\\Users\\gokul\\Coding\\Emailing Automation\\We help companies better leverage digi...'. It's possible the file is already open, or you don't have permission to open it.\n\nTo check your permissions, right-click the file folder, then click Properties.", None, 0, -2147286960), None)
2025-12-09 15:35:45,163 - INFO - Run completed. Total emails sent: 0
2025-12-09 15:36:27,902 - INFO - Starting email automation run.
2025-12-09 15:36:28,724 - INFO - Processing for date: 2025-12-09
2025-12-09 15:36:28,887 - INFO - Sent email to: rajan@finlytyx.com (Sent at 2025-12-09 15:36:28)
2025-12-09 15:36:30,910 - INFO - Sent email to: gokuldas@finlytyx.com (Sent at 2025-12-09 15:36:30)
2025-12-09 15:36:32,940 - INFO - Run completed. Total emails sent: 2
2025-12-09 15:37:13,654 - INFO - Starting email automation run.
2025-12-09 15:37:14,451 - INFO - Processing for date: 2025-12-09
2025-12-09 15:37:14,560 - INFO - Sent email to: rajan@finlytyx.com (Sent at 2025-12-09 15:37:14)
2025-12-09 15:37:16,590 - INFO - Sent email to: gokuldas@finlytyx.com (Sent at 2025-12-09 15:37:16)
2025-12-09 15:37:18,625 - INFO - Run completed. Total emails sent: 2
